2026-03-09 20:16:26,859 - INFO - total data size : (150002, 18)
2026-03-09 20:16:26,909 - INFO - null values : 
 : NPA Status                                  0
RevolvingUtilizationOfUnsecuredLines        0
age                                         0
Gender                                      0
Region                                      0
MonthlyIncome                           29731
Rented_OwnHouse                             0
Occupation                                  0
Education                                   0
NumberOfTime30-59DaysPastDueNotWorse        0
DebtRatio                                   0
NumberOfOpenCreditLinesAndLoans             0
NumberOfTimes90DaysLate                     0
NumberRealEstateLoansOrLines                0
NumberOfTime60-89DaysPastDueNotWorse        0
NumberOfDependents                       3924
Good_Bad                                    0
dtype: int64
2026-03-09 20:16:26,939 - INFO - train data : 120000 : 120000 total train data : (120000, 16) 
2026-03-09 20:16:26,939 - INFO - test data : 30000 : 30000 total test data : (30000, 16) 
2026-03-09 20:16:26,962 - INFO - before handling missing value x_train shape and columns : (120000, 16) 
 : Index(['NPA Status', 'RevolvingUtilizationOfUnsecuredLines', 'age', 'Gender',
       'Region', 'MonthlyIncome', 'Rented_OwnHouse', 'Occupation', 'Education',
       'NumberOfTime30-59DaysPastDueNotWorse', 'DebtRatio',
       'NumberOfOpenCreditLinesAndLoans', 'NumberOfTimes90DaysLate',
       'NumberRealEstateLoansOrLines', 'NumberOfTime60-89DaysPastDueNotWorse',
       'NumberOfDependents'],
      dtype='str')  : NPA Status                                  0
RevolvingUtilizationOfUnsecuredLines        0
age                                         0
Gender                                      0
Region                                      0
MonthlyIncome                           23767
Rented_OwnHouse                             0
Occupation                                  0
Education                                   0
NumberOfTime30-59DaysPastDueNotWorse        0
DebtRatio                                   0
NumberOfOpenCreditLinesAndLoans             0
NumberOfTimes90DaysLate                     0
NumberRealEstateLoansOrLines                0
NumberOfTime60-89DaysPastDueNotWorse        0
NumberOfDependents                       3165
dtype: int64
2026-03-09 20:16:26,969 - INFO - before handling missing value x_test shape and columns : (30000, 16) 
 : Index(['NPA Status', 'RevolvingUtilizationOfUnsecuredLines', 'age', 'Gender',
       'Region', 'MonthlyIncome', 'Rented_OwnHouse', 'Occupation', 'Education',
       'NumberOfTime30-59DaysPastDueNotWorse', 'DebtRatio',
       'NumberOfOpenCreditLinesAndLoans', 'NumberOfTimes90DaysLate',
       'NumberRealEstateLoansOrLines', 'NumberOfTime60-89DaysPastDueNotWorse',
       'NumberOfDependents'],
      dtype='str') : NPA Status                                 0
RevolvingUtilizationOfUnsecuredLines       0
age                                        0
Gender                                     0
Region                                     0
MonthlyIncome                           5964
Rented_OwnHouse                            0
Occupation                                 0
Education                                  0
NumberOfTime30-59DaysPastDueNotWorse       0
DebtRatio                                  0
NumberOfOpenCreditLinesAndLoans            0
NumberOfTimes90DaysLate                    0
NumberRealEstateLoansOrLines               0
NumberOfTime60-89DaysPastDueNotWorse       0
NumberOfDependents                       759
dtype: int64
2026-03-09 20:16:27,119 - INFO - After handling missing value x_train shape and columns : (120000, 16) 
 : Index(['NPA Status', 'RevolvingUtilizationOfUnsecuredLines', 'age', 'Gender',
       'Region', 'Rented_OwnHouse', 'Occupation', 'Education',
       'NumberOfTime30-59DaysPastDueNotWorse', 'DebtRatio',
       'NumberOfOpenCreditLinesAndLoans', 'NumberOfTimes90DaysLate',
       'NumberRealEstateLoansOrLines', 'NumberOfTime60-89DaysPastDueNotWorse',
       'MonthlyIncome_replaced', 'NumberOfDependents_replaced'],
      dtype='str')  : NPA Status                              0
RevolvingUtilizationOfUnsecuredLines    0
age                                     0
Gender                                  0
Region                                  0
Rented_OwnHouse                         0
Occupation                              0
Education                               0
NumberOfTime30-59DaysPastDueNotWorse    0
DebtRatio                               0
NumberOfOpenCreditLinesAndLoans         0
NumberOfTimes90DaysLate                 0
NumberRealEstateLoansOrLines            0
NumberOfTime60-89DaysPastDueNotWorse    0
MonthlyIncome_replaced                  0
NumberOfDependents_replaced             0
dtype: int64
2026-03-09 20:16:27,126 - INFO - After handling missing value x_test shape and columns : (30000, 16) 
 : Index(['NPA Status', 'RevolvingUtilizationOfUnsecuredLines', 'age', 'Gender',
       'Region', 'Rented_OwnHouse', 'Occupation', 'Education',
       'NumberOfTime30-59DaysPastDueNotWorse', 'DebtRatio',
       'NumberOfOpenCreditLinesAndLoans', 'NumberOfTimes90DaysLate',
       'NumberRealEstateLoansOrLines', 'NumberOfTime60-89DaysPastDueNotWorse',
       'MonthlyIncome_replaced', 'NumberOfDependents_replaced'],
      dtype='str') : NPA Status                              0
RevolvingUtilizationOfUnsecuredLines    0
age                                     0
Gender                                  0
Region                                  0
Rented_OwnHouse                         0
Occupation                              0
Education                               0
NumberOfTime30-59DaysPastDueNotWorse    0
DebtRatio                               0
NumberOfOpenCreditLinesAndLoans         0
NumberOfTimes90DaysLate                 0
NumberRealEstateLoansOrLines            0
NumberOfTime60-89DaysPastDueNotWorse    0
MonthlyIncome_replaced                  0
NumberOfDependents_replaced             0
dtype: int64
2026-03-09 20:16:27,127 - INFO - Index(['NPA Status', 'RevolvingUtilizationOfUnsecuredLines', 'age',
       'NumberOfTime30-59DaysPastDueNotWorse', 'DebtRatio',
       'NumberOfOpenCreditLinesAndLoans', 'NumberOfTimes90DaysLate',
       'NumberRealEstateLoansOrLines', 'NumberOfTime60-89DaysPastDueNotWorse',
       'MonthlyIncome_replaced', 'NumberOfDependents_replaced'],
      dtype='str') : (120000, 11)
2026-03-09 20:16:27,127 - INFO - Index(['NPA Status', 'RevolvingUtilizationOfUnsecuredLines', 'age',
       'NumberOfTime30-59DaysPastDueNotWorse', 'DebtRatio',
       'NumberOfOpenCreditLinesAndLoans', 'NumberOfTimes90DaysLate',
       'NumberRealEstateLoansOrLines', 'NumberOfTime60-89DaysPastDueNotWorse',
       'MonthlyIncome_replaced', 'NumberOfDependents_replaced'],
      dtype='str') : (30000, 11)
2026-03-09 20:16:27,127 - INFO - ================================================================
2026-03-09 20:16:27,127 - INFO - Index(['Gender', 'Region', 'Rented_OwnHouse', 'Occupation', 'Education'], dtype='str') : (120000, 5)
2026-03-09 20:16:27,127 - INFO - Index(['Gender', 'Region', 'Rented_OwnHouse', 'Occupation', 'Education'], dtype='str') : (30000, 5)
2026-03-09 20:16:27,127 - INFO - Before Train columns names : Index(['NPA Status', 'RevolvingUtilizationOfUnsecuredLines', 'age',
       'NumberOfTime30-59DaysPastDueNotWorse', 'DebtRatio',
       'NumberOfOpenCreditLinesAndLoans', 'NumberOfTimes90DaysLate',
       'NumberRealEstateLoansOrLines', 'NumberOfTime60-89DaysPastDueNotWorse',
       'MonthlyIncome_replaced', 'NumberOfDependents_replaced'],
      dtype='str')
2026-03-09 20:16:27,127 - INFO - Before test columns names : Index(['NPA Status', 'RevolvingUtilizationOfUnsecuredLines', 'age',
       'NumberOfTime30-59DaysPastDueNotWorse', 'DebtRatio',
       'NumberOfOpenCreditLinesAndLoans', 'NumberOfTimes90DaysLate',
       'NumberRealEstateLoansOrLines', 'NumberOfTime60-89DaysPastDueNotWorse',
       'MonthlyIncome_replaced', 'NumberOfDependents_replaced'],
      dtype='str')
2026-03-09 20:16:28,269 - INFO - After Train columns names : Index(['NPA Status_trim', 'RevolvingUtilizationOfUnsecuredLines_trim',
       'age_trim', 'NumberOfTime30-59DaysPastDueNotWorse_trim',
       'DebtRatio_trim', 'NumberOfOpenCreditLinesAndLoans_trim',
       'NumberOfTimes90DaysLate_trim', 'NumberRealEstateLoansOrLines_trim',
       'NumberOfTime60-89DaysPastDueNotWorse_trim',
       'MonthlyIncome_replaced_trim', 'NumberOfDependents_replaced_trim'],
      dtype='str')
2026-03-09 20:16:28,269 - INFO - After test columns names : Index(['NPA Status_trim', 'RevolvingUtilizationOfUnsecuredLines_trim',
       'age_trim', 'NumberOfTime30-59DaysPastDueNotWorse_trim',
       'DebtRatio_trim', 'NumberOfOpenCreditLinesAndLoans_trim',
       'NumberOfTimes90DaysLate_trim', 'NumberRealEstateLoansOrLines_trim',
       'NumberOfTime60-89DaysPastDueNotWorse_trim',
       'MonthlyIncome_replaced_trim', 'NumberOfDependents_replaced_trim'],
      dtype='str')
2026-03-09 20:16:28,440 - INFO - ========================================================================================
2026-03-09 20:16:28,440 - INFO - final training data : (120000, 14)
2026-03-09 20:16:28,441 - INFO - Index(['RevolvingUtilizationOfUnsecuredLines_trim', 'age_trim',
       'NumberOfOpenCreditLinesAndLoans_trim',
       'NumberRealEstateLoansOrLines_trim', 'MonthlyIncome_replaced_trim',
       'NumberOfDependents_replaced_trim', 'Gender_Male', 'Region_East',
       'Region_North', 'Region_South', 'Region_West', 'Rented_OwnHouse_od',
       'Occupation_od', 'Education_od'],
      dtype='str')
2026-03-09 20:16:28,444 - INFO - training data null values : RevolvingUtilizationOfUnsecuredLines_trim    0
age_trim                                     0
NumberOfOpenCreditLinesAndLoans_trim         0
NumberRealEstateLoansOrLines_trim            0
MonthlyIncome_replaced_trim                  0
NumberOfDependents_replaced_trim             0
Gender_Male                                  0
Region_East                                  0
Region_North                                 0
Region_South                                 0
Region_West                                  0
Rented_OwnHouse_od                           0
Occupation_od                                0
Education_od                                 0
dtype: int64
2026-03-09 20:16:28,444 - INFO - final testing data : (30000, 14)
2026-03-09 20:16:28,444 - INFO - Index(['RevolvingUtilizationOfUnsecuredLines_trim', 'age_trim',
       'NumberOfOpenCreditLinesAndLoans_trim',
       'NumberRealEstateLoansOrLines_trim', 'MonthlyIncome_replaced_trim',
       'NumberOfDependents_replaced_trim', 'Gender_Male', 'Region_East',
       'Region_North', 'Region_South', 'Region_West', 'Rented_OwnHouse_od',
       'Occupation_od', 'Education_od'],
      dtype='str')
2026-03-09 20:16:28,445 - INFO - testing data null values : RevolvingUtilizationOfUnsecuredLines_trim    0
age_trim                                     0
NumberOfOpenCreditLinesAndLoans_trim         0
NumberRealEstateLoansOrLines_trim            0
MonthlyIncome_replaced_trim                  0
NumberOfDependents_replaced_trim             0
Gender_Male                                  0
Region_East                                  0
Region_North                                 0
Region_South                                 0
Region_West                                  0
Rented_OwnHouse_od                           0
Occupation_od                                0
Education_od                                 0
dtype: int64
2026-03-09 20:16:28,451 - INFO - Number of Rows for GOOD customer 1 : 111930
2026-03-09 20:16:28,457 - INFO - Number of Rows for BAD customer 0 : 8070
2026-03-09 20:16:28,457 - INFO - Training data size : (120000, 14)
2026-03-09 20:16:28,646 - INFO - Number of Rows for GOOD customer 1 : 111930
2026-03-09 20:16:28,658 - INFO - Number of Rows for BAD customer 0 : 111930
2026-03-09 20:16:28,658 - INFO - Training data size : (223860, 14)
