2026-03-09 20:16:27,127 - INFO - Before Train columns names : Index(['NPA Status', 'RevolvingUtilizationOfUnsecuredLines', 'age',
       'NumberOfTime30-59DaysPastDueNotWorse', 'DebtRatio',
       'NumberOfOpenCreditLinesAndLoans', 'NumberOfTimes90DaysLate',
       'NumberRealEstateLoansOrLines', 'NumberOfTime60-89DaysPastDueNotWorse',
       'MonthlyIncome_replaced', 'NumberOfDependents_replaced'],
      dtype='str')
2026-03-09 20:16:27,128 - INFO - Before test columns names : Index(['NPA Status', 'RevolvingUtilizationOfUnsecuredLines', 'age',
       'NumberOfTime30-59DaysPastDueNotWorse', 'DebtRatio',
       'NumberOfOpenCreditLinesAndLoans', 'NumberOfTimes90DaysLate',
       'NumberRealEstateLoansOrLines', 'NumberOfTime60-89DaysPastDueNotWorse',
       'MonthlyIncome_replaced', 'NumberOfDependents_replaced'],
      dtype='str')
2026-03-09 20:16:28,269 - INFO - After Train columns names : Index(['NPA Status_trim', 'RevolvingUtilizationOfUnsecuredLines_trim',
       'age_trim', 'NumberOfTime30-59DaysPastDueNotWorse_trim',
       'DebtRatio_trim', 'NumberOfOpenCreditLinesAndLoans_trim',
       'NumberOfTimes90DaysLate_trim', 'NumberRealEstateLoansOrLines_trim',
       'NumberOfTime60-89DaysPastDueNotWorse_trim',
       'MonthlyIncome_replaced_trim', 'NumberOfDependents_replaced_trim'],
      dtype='str')
2026-03-09 20:16:28,269 - INFO - After test columns names : Index(['NPA Status_trim', 'RevolvingUtilizationOfUnsecuredLines_trim',
       'age_trim', 'NumberOfTime30-59DaysPastDueNotWorse_trim',
       'DebtRatio_trim', 'NumberOfOpenCreditLinesAndLoans_trim',
       'NumberOfTimes90DaysLate_trim', 'NumberRealEstateLoansOrLines_trim',
       'NumberOfTime60-89DaysPastDueNotWorse_trim',
       'MonthlyIncome_replaced_trim', 'NumberOfDependents_replaced_trim'],
      dtype='str')
